# JRE version: OpenJDK Runtime Environment (8.0_76-b03) (build 1.8.0_76-release-b03)
# Java VM: OpenJDK 64-Bit Server VM (25.76-b03 mixed mode windows-amd64 compressed oops)
Heap:
 PSYoungGen      total 437760K, used 57424K [0x00000000e0000000, 0x0000000100000000, 0x0000000100000000)
  eden space 346112K, 6% used [0x00000000e0000000,0x00000000e14df280,0x00000000f5200000)
  from space 91648K, 39% used [0x00000000fa680000,0x00000000fc9b5068,0x0000000100000000)
  to   space 86528K, 0% used [0x00000000f5200000,0x00000000f5200000,0x00000000fa680000)
 ParOldGen       total 193536K, used 101384K [0x00000000a0000000, 0x00000000abd00000, 0x00000000e0000000)
  object space 193536K, 52% used [0x00000000a0000000,0x00000000a6302398,0x00000000abd00000)
 Metaspace       used 69745K, capacity 72410K, committed 72576K, reserved 1112064K
  class space    used 8975K, capacity 9588K, committed 9600K, reserved 1048576K
GC Heap History (10 events):
Event: 165.796 GC heap before
{Heap before GC invocations=25 (full 4):
 PSYoungGen      total 345600K, used 344672K [0x00000000e0000000, 0x00000000f9e00000, 0x0000000100000000)
  eden space 299520K, 100% used [0x00000000e0000000,0x00000000f2480000,0x00000000f2480000)
  from space 46080K, 97% used [0x00000000f5880000,0x00000000f8498050,0x00000000f8580000)
  to   space 53248K, 0% used [0x00000000f2480000,0x00000000f2480000,0x00000000f5880000)
 ParOldGen       total 144896K, used 75911K [0x00000000a0000000, 0x00000000a8d80000, 0x00000000e0000000)
  object space 144896K, 52% used [0x00000000a0000000,0x00000000a4a21f30,0x00000000a8d80000)
 Metaspace       used 69644K, capacity 72328K, committed 72576K, reserved 1112064K
  class space    used 8973K, capacity 9585K, committed 9600K, reserved 1048576K
Event: 166.059 GC heap after
Heap after GC invocations=25 (full 4):
 PSYoungGen      total 352768K, used 53217K [0x00000000e0000000, 0x0000000100000000, 0x0000000100000000)
  eden space 299520K, 0% used [0x00000000e0000000,0x00000000e0000000,0x00000000f2480000)
  from space 53248K, 99% used [0x00000000f2480000,0x00000000f5878650,0x00000000f5880000)
  to   space 68096K, 0% used [0x00000000fbd80000,0x00000000fbd80000,0x0000000100000000)
 ParOldGen       total 144896K, used 93559K [0x00000000a0000000, 0x00000000a8d80000, 0x00000000e0000000)
  object space 144896K, 64% used [0x00000000a0000000,0x00000000a5b5df18,0x00000000a8d80000)
 Metaspace       used 69644K, capacity 72328K, committed 72576K, reserved 1112064K
  class space    used 8973K, capacity 9585K, committed 9600K, reserved 1048576K
}
Event: 168.140 GC heap before
{Heap before GC invocations=26 (full 4):
 PSYoungGen      total 352768K, used 352737K [0x00000000e0000000, 0x0000000100000000, 0x0000000100000000)
  eden space 299520K, 100% used [0x00000000e0000000,0x00000000f2480000,0x00000000f2480000)
  from space 53248K, 99% used [0x00000000f2480000,0x00000000f5878650,0x00000000f5880000)
  to   space 68096K, 0% used [0x00000000fbd80000,0x00000000fbd80000,0x0000000100000000)
 ParOldGen       total 144896K, used 93559K [0x00000000a0000000, 0x00000000a8d80000, 0x00000000e0000000)
  object space 144896K, 64% used [0x00000000a0000000,0x00000000a5b5df18,0x00000000a8d80000)
 Metaspace       used 69665K, capacity 72328K, committed 72576K, reserved 1112064K
  class space    used 8973K, capacity 9585K, committed 9600K, reserved 1048576K
Event: 168.470 GC heap after
Heap after GC invocations=26 (full 4):
 PSYoungGen      total 415232K, used 68089K [0x00000000e0000000, 0x0000000100000000, 0x0000000100000000)
  eden space 347136K, 0% used [0x00000000e0000000,0x00000000e0000000,0x00000000f5300000)
  from space 68096K, 99% used [0x00000000fbd80000,0x00000000ffffe4a8,0x0000000100000000)
  to   space 88576K, 0% used [0x00000000f5300000,0x00000000f5300000,0x00000000fa980000)
 ParOldGen       total 144896K, used 118116K [0x00000000a0000000, 0x00000000a8d80000, 0x00000000e0000000)
  object space 144896K, 81% used [0x00000000a0000000,0x00000000a7359210,0x00000000a8d80000)
 Metaspace       used 69665K, capacity 72328K, committed 72576K, reserved 1112064K
  class space    used 8973K, capacity 9585K, committed 9600K, reserved 1048576K
}
Event: 173.082 GC heap before
{Heap before GC invocations=27 (full 4):
 PSYoungGen      total 415232K, used 415225K [0x00000000e0000000, 0x0000000100000000, 0x0000000100000000)
  eden space 347136K, 100% used [0x00000000e0000000,0x00000000f5300000,0x00000000f5300000)
  from space 68096K, 99% used [0x00000000fbd80000,0x00000000ffffe4a8,0x0000000100000000)
  to   space 88576K, 0% used [0x00000000f5300000,0x00000000f5300000,0x00000000fa980000)
 ParOldGen       total 144896K, used 118116K [0x00000000a0000000, 0x00000000a8d80000, 0x00000000e0000000)
  object space 144896K, 81% used [0x00000000a0000000,0x00000000a7359210,0x00000000a8d80000)
 Metaspace       used 69697K, capacity 72328K, committed 72576K, reserved 1112064K
  class space    used 8973K, capacity 9585K, committed 9600K, reserved 1048576K
Event: 173.355 GC heap after
Heap after GC invocations=27 (full 4):
 PSYoungGen      total 403456K, used 56102K [0x00000000e0000000, 0x0000000100000000, 0x0000000100000000)
  eden space 347136K, 0% used [0x00000000e0000000,0x00000000e0000000,0x00000000f5300000)
  from space 56320K, 99% used [0x00000000f5300000,0x00000000f89c9be0,0x00000000f8a00000)
  to   space 91648K, 0% used [0x00000000fa680000,0x00000000fa680000,0x0000000100000000)
 ParOldGen       total 144896K, used 136574K [0x00000000a0000000, 0x00000000a8d80000, 0x00000000e0000000)
  object space 144896K, 94% used [0x00000000a0000000,0x00000000a855fb38,0x00000000a8d80000)
 Metaspace       used 69697K, capacity 72328K, committed 72576K, reserved 1112064K
  class space    used 8973K, capacity 9585K, committed 9600K, reserved 1048576K
}
Event: 173.355 GC heap before
{Heap before GC invocations=28 (full 5):
 PSYoungGen      total 403456K, used 56102K [0x00000000e0000000, 0x0000000100000000, 0x0000000100000000)
  eden space 347136K, 0% used [0x00000000e0000000,0x00000000e0000000,0x00000000f5300000)
  from space 56320K, 99% used [0x00000000f5300000,0x00000000f89c9be0,0x00000000f8a00000)
  to   space 91648K, 0% used [0x00000000fa680000,0x00000000fa680000,0x0000000100000000)
 ParOldGen       total 144896K, used 136574K [0x00000000a0000000, 0x00000000a8d80000, 0x00000000e0000000)
  object space 144896K, 94% used [0x00000000a0000000,0x00000000a855fb38,0x00000000a8d80000)
 Metaspace       used 69697K, capacity 72328K, committed 72576K, reserved 1112064K
  class space    used 8973K, capacity 9585K, committed 9600K, reserved 1048576K
Event: 174.122 GC heap after
Heap after GC invocations=28 (full 5):
 PSYoungGen      total 403456K, used 0K [0x00000000e0000000, 0x0000000100000000, 0x0000000100000000)
  eden space 347136K, 0% used [0x00000000e0000000,0x00000000e0000000,0x00000000f5300000)
  from space 56320K, 0% used [0x00000000f5300000,0x00000000f5300000,0x00000000f8a00000)
  to   space 91648K, 0% used [0x00000000fa680000,0x00000000fa680000,0x0000000100000000)
 ParOldGen       total 193536K, used 101376K [0x00000000a0000000, 0x00000000abd00000, 0x00000000e0000000)
  object space 193536K, 52% used [0x00000000a0000000,0x00000000a6300398,0x00000000abd00000)
 Metaspace       used 69697K, capacity 72328K, committed 72576K, reserved 1112064K
  class space    used 8973K, capacity 9585K, committed 9600K, reserved 1048576K
}
Event: 176.449 GC heap before
{Heap before GC invocations=29 (full 5):
 PSYoungGen      total 403456K, used 347136K [0x00000000e0000000, 0x0000000100000000, 0x0000000100000000)
  eden space 347136K, 100% used [0x00000000e0000000,0x00000000f5300000,0x00000000f5300000)
  from space 56320K, 0% used [0x00000000f5300000,0x00000000f5300000,0x00000000f8a00000)
  to   space 91648K, 0% used [0x00000000fa680000,0x00000000fa680000,0x0000000100000000)
 ParOldGen       total 193536K, used 101376K [0x00000000a0000000, 0x00000000abd00000, 0x00000000e0000000)
  object space 193536K, 52% used [0x00000000a0000000,0x00000000a6300398,0x00000000abd00000)
 Metaspace       used 69711K, capacity 72392K, committed 72576K, reserved 1112064K
  class space    used 8973K, capacity 9585K, committed 9600K, reserved 1048576K
Event: 176.764 GC heap after
Heap after GC invocations=29 (full 5):
 PSYoungGen      total 437760K, used 36052K [0x00000000e0000000, 0x0000000100000000, 0x0000000100000000)
  eden space 346112K, 0% used [0x00000000e0000000,0x00000000e0000000,0x00000000f5200000)
  from space 91648K, 39% used [0x00000000fa680000,0x00000000fc9b5068,0x0000000100000000)
  to   space 86528K, 0% used [0x00000000f5200000,0x00000000f5200000,0x00000000fa680000)
 ParOldGen       total 193536K, used 101384K [0x00000000a0000000, 0x00000000abd00000, 0x00000000e0000000)
  object space 193536K, 52% used [0x00000000a0000000,0x00000000a6302398,0x00000000abd00000)
 Metaspace       used 69711K, capacity 72392K, committed 72576K, reserved 1112064K
  class space    used 8973K, capacity 9585K, committed 9600K, reserved 1048576K
}

